<?xml version="1.0" encoding="UTF-8"?>
<testng-results skipped="0" failed="0" ignored="0" total="1" passed="1">
  <reporter-output>
  </reporter-output>
  <suite name="Default suite" duration-ms="11774" started-at="2020-09-07T23:19:23 ALMT" finished-at="2020-09-07T23:19:34 ALMT">
    <groups>
    </groups>
    <test name="Default test" duration-ms="11774" started-at="2020-09-07T23:19:23 ALMT" finished-at="2020-09-07T23:19:34 ALMT">
      <class name="com.syntax.test.HRMSblankUsername_PasswordValidation">
        <test-method status="PASS" signature="TC3()[pri:0, instance:com.syntax.test.HRMSblankUsername_PasswordValidation@23e028a9]" name="TC3" duration-ms="11737" started-at="2020-09-07T23:19:23 ALMT" finished-at="2020-09-07T23:19:34 ALMT">
          <reporter-output>
          </reporter-output>
        </test-method> <!-- TC3 -->
      </class> <!-- com.syntax.test.HRMSblankUsername_PasswordValidation -->
    </test> <!-- Default test -->
  </suite> <!-- Default suite -->
</testng-results>
